Analysis & Synthesis report for NEANDER
Tue Jun 18 09:57:25 2019
Quartus II 64-Bit Version 13.0.1 Build 232 06/12/2013 Service Pack 1 SJ Web Edition


---------------------
; Table of Contents ;
---------------------
  1. Legal Notice
  2. Analysis & Synthesis Summary
  3. Analysis & Synthesis Settings
  4. Parallel Compilation
  5. Analysis & Synthesis Source Files Read
  6. Analysis & Synthesis Resource Usage Summary
  7. Analysis & Synthesis Resource Utilization by Entity
  8. State Machine - |NEANDER|Controller:inst2|fstate
  9. General Register Statistics
 10. Multiplexer Restructuring Statistics (Restructuring Performed)
 11. Elapsed Time Per Partition
 12. Analysis & Synthesis Messages



----------------
; Legal Notice ;
----------------
Copyright (C) 1991-2013 Altera Corporation
Your use of Altera Corporation's design tools, logic functions 
and other software and tools, and its AMPP partner logic 
functions, and any output files from any of the foregoing 
(including device programming or simulation files), and any 
associated documentation or information are expressly subject 
to the terms and conditions of the Altera Program License 
Subscription Agreement, Altera MegaCore Function License 
Agreement, or other applicable license agreement, including, 
without limitation, that your use is for the sole purpose of 
programming logic devices manufactured by Altera and sold by 
Altera or its authorized distributors.  Please refer to the 
applicable agreement for further details.



+--------------------------------------------------------------------------------------+
; Analysis & Synthesis Summary                                                         ;
+------------------------------------+-------------------------------------------------+
; Analysis & Synthesis Status        ; Successful - Tue Jun 18 09:57:24 2019           ;
; Quartus II 64-Bit Version          ; 13.0.1 Build 232 06/12/2013 SP 1 SJ Web Edition ;
; Revision Name                      ; NEANDER                                         ;
; Top-level Entity Name              ; NEANDER                                         ;
; Family                             ; Cyclone II                                      ;
; Total logic elements               ; 476                                             ;
;     Total combinational functions  ; 339                                             ;
;     Dedicated logic registers      ; 200                                             ;
; Total registers                    ; 200                                             ;
; Total pins                         ; 92                                              ;
; Total virtual pins                 ; 0                                               ;
; Total memory bits                  ; 0                                               ;
; Embedded Multiplier 9-bit elements ; 0                                               ;
; Total PLLs                         ; 0                                               ;
+------------------------------------+-------------------------------------------------+


+----------------------------------------------------------------------------------------------------------------------+
; Analysis & Synthesis Settings                                                                                        ;
+----------------------------------------------------------------------------+--------------------+--------------------+
; Option                                                                     ; Setting            ; Default Value      ;
+----------------------------------------------------------------------------+--------------------+--------------------+
; Device                                                                     ; EP2C35F672C6       ;                    ;
; Top-level entity name                                                      ; NEANDER            ; NEANDER            ;
; Family name                                                                ; Cyclone II         ; Cyclone IV GX      ;
; Use smart compilation                                                      ; Off                ; Off                ;
; Enable parallel Assembler and TimeQuest Timing Analyzer during compilation ; On                 ; On                 ;
; Enable compact report table                                                ; Off                ; Off                ;
; Restructure Multiplexers                                                   ; Auto               ; Auto               ;
; Create Debugging Nodes for IP Cores                                        ; Off                ; Off                ;
; Preserve fewer node names                                                  ; On                 ; On                 ;
; Disable OpenCore Plus hardware evaluation                                  ; Off                ; Off                ;
; Verilog Version                                                            ; Verilog_2001       ; Verilog_2001       ;
; VHDL Version                                                               ; VHDL_1993          ; VHDL_1993          ;
; State Machine Processing                                                   ; Auto               ; Auto               ;
; Safe State Machine                                                         ; Off                ; Off                ;
; Extract Verilog State Machines                                             ; On                 ; On                 ;
; Extract VHDL State Machines                                                ; On                 ; On                 ;
; Ignore Verilog initial constructs                                          ; Off                ; Off                ;
; Iteration limit for constant Verilog loops                                 ; 5000               ; 5000               ;
; Iteration limit for non-constant Verilog loops                             ; 250                ; 250                ;
; Add Pass-Through Logic to Inferred RAMs                                    ; On                 ; On                 ;
; Infer RAMs from Raw Logic                                                  ; On                 ; On                 ;
; Parallel Synthesis                                                         ; On                 ; On                 ;
; DSP Block Balancing                                                        ; Auto               ; Auto               ;
; NOT Gate Push-Back                                                         ; On                 ; On                 ;
; Power-Up Don't Care                                                        ; On                 ; On                 ;
; Remove Redundant Logic Cells                                               ; Off                ; Off                ;
; Remove Duplicate Registers                                                 ; On                 ; On                 ;
; Ignore CARRY Buffers                                                       ; Off                ; Off                ;
; Ignore CASCADE Buffers                                                     ; Off                ; Off                ;
; Ignore GLOBAL Buffers                                                      ; Off                ; Off                ;
; Ignore ROW GLOBAL Buffers                                                  ; Off                ; Off                ;
; Ignore LCELL Buffers                                                       ; Off                ; Off                ;
; Ignore SOFT Buffers                                                        ; On                 ; On                 ;
; Limit AHDL Integers to 32 Bits                                             ; Off                ; Off                ;
; Optimization Technique                                                     ; Balanced           ; Balanced           ;
; Carry Chain Length                                                         ; 70                 ; 70                 ;
; Auto Carry Chains                                                          ; On                 ; On                 ;
; Auto Open-Drain Pins                                                       ; On                 ; On                 ;
; Perform WYSIWYG Primitive Resynthesis                                      ; Off                ; Off                ;
; Auto ROM Replacement                                                       ; On                 ; On                 ;
; Auto RAM Replacement                                                       ; On                 ; On                 ;
; Auto Shift Register Replacement                                            ; Auto               ; Auto               ;
; Allow Shift Register Merging across Hierarchies                            ; Auto               ; Auto               ;
; Auto Clock Enable Replacement                                              ; On                 ; On                 ;
; Strict RAM Replacement                                                     ; Off                ; Off                ;
; Allow Synchronous Control Signals                                          ; On                 ; On                 ;
; Force Use of Synchronous Clear Signals                                     ; Off                ; Off                ;
; Auto RAM to Logic Cell Conversion                                          ; Off                ; Off                ;
; Auto Resource Sharing                                                      ; Off                ; Off                ;
; Allow Any RAM Size For Recognition                                         ; Off                ; Off                ;
; Allow Any ROM Size For Recognition                                         ; Off                ; Off                ;
; Allow Any Shift Register Size For Recognition                              ; Off                ; Off                ;
; Use LogicLock Constraints during Resource Balancing                        ; On                 ; On                 ;
; Ignore translate_off and synthesis_off directives                          ; Off                ; Off                ;
; Timing-Driven Synthesis                                                    ; Off                ; Off                ;
; Report Parameter Settings                                                  ; On                 ; On                 ;
; Report Source Assignments                                                  ; On                 ; On                 ;
; Report Connectivity Checks                                                 ; On                 ; On                 ;
; Ignore Maximum Fan-Out Assignments                                         ; Off                ; Off                ;
; Synchronization Register Chain Length                                      ; 2                  ; 2                  ;
; PowerPlay Power Optimization                                               ; Normal compilation ; Normal compilation ;
; HDL message level                                                          ; Level2             ; Level2             ;
; Suppress Register Optimization Related Messages                            ; Off                ; Off                ;
; Number of Removed Registers Reported in Synthesis Report                   ; 5000               ; 5000               ;
; Number of Swept Nodes Reported in Synthesis Report                         ; 5000               ; 5000               ;
; Number of Inverted Registers Reported in Synthesis Report                  ; 100                ; 100                ;
; Clock MUX Protection                                                       ; On                 ; On                 ;
; Auto Gated Clock Conversion                                                ; Off                ; Off                ;
; Block Design Naming                                                        ; Auto               ; Auto               ;
; SDC constraint protection                                                  ; Off                ; Off                ;
; Synthesis Effort                                                           ; Auto               ; Auto               ;
; Shift Register Replacement - Allow Asynchronous Clear Signal               ; On                 ; On                 ;
; Pre-Mapping Resynthesis Optimization                                       ; Off                ; Off                ;
; Analysis & Synthesis Message Level                                         ; Medium             ; Medium             ;
; Disable Register Merging Across Hierarchies                                ; Auto               ; Auto               ;
; Resource Aware Inference For Block RAM                                     ; On                 ; On                 ;
; Synthesis Seed                                                             ; 1                  ; 1                  ;
+----------------------------------------------------------------------------+--------------------+--------------------+


Parallel compilation was disabled, but you have multiple processors available. Enable parallel compilation to reduce compilation time.
+-------------------------------------+
; Parallel Compilation                ;
+----------------------------+--------+
; Processors                 ; Number ;
+----------------------------+--------+
; Number detected on machine ; 8      ;
; Maximum allowed            ; 1      ;
+----------------------------+--------+


+------------------------------------------------------------------------------------------------------------------------------------------------------------------------------+
; Analysis & Synthesis Source Files Read                                                                                                                                       ;
+-------------------------------------+-----------------+------------------------------------+-----------------------------------------------------------------------+---------+
; File Name with User-Entered Path    ; Used in Netlist ; File Type                          ; File Name with Absolute Path                                          ; Library ;
+-------------------------------------+-----------------+------------------------------------+-----------------------------------------------------------------------+---------+
; NEANDER.bdf                         ; yes             ; User Block Diagram/Schematic File  ; C:/Users/lu_fe/Downloads/NEANDER2/NEANDER.bdf                         ;         ;
; Components/CONTROLER/Controller.vhd ; yes             ; User VHDL File                     ; C:/Users/lu_fe/Downloads/NEANDER2/Components/CONTROLER/Controller.vhd ;         ;
; Components/DISPLAY/Display.vhd      ; yes             ; User VHDL File                     ; C:/Users/lu_fe/Downloads/NEANDER2/Components/DISPLAY/Display.vhd      ;         ;
; Components/DISPLAY/disp1.vhd        ; yes             ; User VHDL File                     ; C:/Users/lu_fe/Downloads/NEANDER2/Components/DISPLAY/disp1.vhd        ;         ;
; Components/UAL/UAL.vhd              ; yes             ; User VHDL File                     ; C:/Users/lu_fe/Downloads/NEANDER2/Components/UAL/UAL.vhd              ;         ;
; Components/RI/RI.vhd                ; yes             ; User VHDL File                     ; C:/Users/lu_fe/Downloads/NEANDER2/Components/RI/RI.vhd                ;         ;
; Components/REM/REMreg.vhd           ; yes             ; User VHDL File                     ; C:/Users/lu_fe/Downloads/NEANDER2/Components/REM/REMreg.vhd           ;         ;
; Components/RDM/RDMreg.vhd           ; yes             ; User VHDL File                     ; C:/Users/lu_fe/Downloads/NEANDER2/Components/RDM/RDMreg.vhd           ;         ;
; Components/RAM/memRAM.vhd           ; yes             ; User VHDL File                     ; C:/Users/lu_fe/Downloads/NEANDER2/Components/RAM/memRAM.vhd           ;         ;
; Components/RAM/latchD.vhd           ; yes             ; User VHDL File                     ; C:/Users/lu_fe/Downloads/NEANDER2/Components/RAM/latchD.vhd           ;         ;
; Components/RAM/decoder.vhd          ; yes             ; User VHDL File                     ; C:/Users/lu_fe/Downloads/NEANDER2/Components/RAM/decoder.vhd          ;         ;
; Components/PC/PC.vhd                ; yes             ; User VHDL File                     ; C:/Users/lu_fe/Downloads/NEANDER2/Components/PC/PC.vhd                ;         ;
; Components/NZ/NZ.vhd                ; yes             ; User VHDL File                     ; C:/Users/lu_fe/Downloads/NEANDER2/Components/NZ/NZ.vhd                ;         ;
; Components/MUXREM/MuxRem.vhd        ; yes             ; User VHDL File                     ; C:/Users/lu_fe/Downloads/NEANDER2/Components/MUXREM/MuxRem.vhd        ;         ;
; Components/MUXRDM/MuxRDM.vhd        ; yes             ; User VHDL File                     ; C:/Users/lu_fe/Downloads/NEANDER2/Components/MUXRDM/MuxRDM.vhd        ;         ;
; Components/DECODER/decoder.vhd      ; yes             ; User VHDL File                     ; C:/Users/lu_fe/Downloads/NEANDER2/Components/DECODER/decoder.vhd      ;         ;
; Components/AC/AC.vhd                ; yes             ; User VHDL File                     ; C:/Users/lu_fe/Downloads/NEANDER2/Components/AC/AC.vhd                ;         ;
+-------------------------------------+-----------------+------------------------------------+-----------------------------------------------------------------------+---------+


+-----------------------------------------------------+
; Analysis & Synthesis Resource Usage Summary         ;
+---------------------------------------------+-------+
; Resource                                    ; Usage ;
+---------------------------------------------+-------+
; Estimated Total logic elements              ; 476   ;
;                                             ;       ;
; Total combinational functions               ; 339   ;
; Logic element usage by number of LUT inputs ;       ;
;     -- 4 input functions                    ; 258   ;
;     -- 3 input functions                    ; 58    ;
;     -- <=2 input functions                  ; 23    ;
;                                             ;       ;
; Logic elements by mode                      ;       ;
;     -- normal mode                          ; 332   ;
;     -- arithmetic mode                      ; 7     ;
;                                             ;       ;
; Total registers                             ; 200   ;
;     -- Dedicated logic registers            ; 200   ;
;     -- I/O registers                        ; 0     ;
;                                             ;       ;
; I/O pins                                    ; 92    ;
; Embedded Multiplier 9-bit elements          ; 0     ;
; Maximum fan-out node                        ; reset ;
; Maximum fan-out                             ; 270   ;
; Total fan-out                               ; 2110  ;
; Average fan-out                             ; 3.34  ;
+---------------------------------------------+-------+


+------------------------------------------------------------------------------------------------------------------------------------------------------------------------------------------------------------------+
; Analysis & Synthesis Resource Utilization by Entity                                                                                                                                                              ;
+------------------------------------+-------------------+--------------+-------------+--------------+---------+-----------+------+--------------+--------------------------------------------------+--------------+
; Compilation Hierarchy Node         ; LC Combinationals ; LC Registers ; Memory Bits ; DSP Elements ; DSP 9x9 ; DSP 18x18 ; Pins ; Virtual Pins ; Full Hierarchy Name                              ; Library Name ;
+------------------------------------+-------------------+--------------+-------------+--------------+---------+-----------+------+--------------+--------------------------------------------------+--------------+
; |NEANDER                           ; 339 (0)           ; 200 (0)      ; 0           ; 0            ; 0       ; 0         ; 92   ; 0            ; |NEANDER                                         ; work         ;
;    |AC:inst|                       ; 0 (0)             ; 8 (8)        ; 0           ; 0            ; 0       ; 0         ; 0    ; 0            ; |NEANDER|AC:inst                                 ; work         ;
;    |Controller:inst2|              ; 73 (73)           ; 30 (30)      ; 0           ; 0            ; 0       ; 0         ; 0    ; 0            ; |NEANDER|Controller:inst2                        ; work         ;
;    |Display:inst7|                 ; 70 (0)            ; 0 (0)        ; 0           ; 0            ; 0       ; 0         ; 0    ; 0            ; |NEANDER|Display:inst7                           ; work         ;
;       |display1:dsp1|              ; 14 (14)           ; 0 (0)        ; 0           ; 0            ; 0       ; 0         ; 0    ; 0            ; |NEANDER|Display:inst7|display1:dsp1             ; work         ;
;       |display1:dsp2|              ; 14 (14)           ; 0 (0)        ; 0           ; 0            ; 0       ; 0         ; 0    ; 0            ; |NEANDER|Display:inst7|display1:dsp2             ; work         ;
;       |display1:dsp3|              ; 14 (14)           ; 0 (0)        ; 0           ; 0            ; 0       ; 0         ; 0    ; 0            ; |NEANDER|Display:inst7|display1:dsp3             ; work         ;
;       |display1:dsp4|              ; 14 (14)           ; 0 (0)        ; 0           ; 0            ; 0       ; 0         ; 0    ; 0            ; |NEANDER|Display:inst7|display1:dsp4             ; work         ;
;       |display1:dsp5|              ; 14 (14)           ; 0 (0)        ; 0           ; 0            ; 0       ; 0         ; 0    ; 0            ; |NEANDER|Display:inst7|display1:dsp5             ; work         ;
;    |MuxRDM:inst22|                 ; 1 (1)             ; 0 (0)        ; 0           ; 0            ; 0       ; 0         ; 0    ; 0            ; |NEANDER|MuxRDM:inst22                           ; work         ;
;    |MuxRem:inst20|                 ; 8 (8)             ; 0 (0)        ; 0           ; 0            ; 0       ; 0         ; 0    ; 0            ; |NEANDER|MuxRem:inst20                           ; work         ;
;    |NZ:inst15|                     ; 0 (0)             ; 2 (2)        ; 0           ; 0            ; 0       ; 0         ; 0    ; 0            ; |NEANDER|NZ:inst15                               ; work         ;
;    |PC:inst21|                     ; 10 (10)           ; 8 (8)        ; 0           ; 0            ; 0       ; 0         ; 0    ; 0            ; |NEANDER|PC:inst21                               ; work         ;
;    |RDMreg:inst24|                 ; 8 (8)             ; 8 (8)        ; 0           ; 0            ; 0       ; 0         ; 0    ; 0            ; |NEANDER|RDMreg:inst24                           ; work         ;
;    |REMreg:inst25|                 ; 0 (0)             ; 8 (8)        ; 0           ; 0            ; 0       ; 0         ; 0    ; 0            ; |NEANDER|REMreg:inst25                           ; work         ;
;    |RI:inst18|                     ; 0 (0)             ; 8 (8)        ; 0           ; 0            ; 0       ; 0         ; 0    ; 0            ; |NEANDER|RI:inst18                               ; work         ;
;    |UAL:inst17|                    ; 40 (40)           ; 0 (0)        ; 0           ; 0            ; 0       ; 0         ; 0    ; 0            ; |NEANDER|UAL:inst17                              ; work         ;
;    |decoder:inst5|                 ; 9 (9)             ; 0 (0)        ; 0           ; 0            ; 0       ; 0         ; 0    ; 0            ; |NEANDER|decoder:inst5                           ; work         ;
;    |memRAM:inst4|                  ; 120 (88)          ; 128 (0)      ; 0           ; 0            ; 0       ; 0         ; 0    ; 0            ; |NEANDER|memRAM:inst4                            ; work         ;
;       |memCell:\genx:0:geny:0:gen| ; 2 (2)             ; 8 (8)        ; 0           ; 0            ; 0       ; 0         ; 0    ; 0            ; |NEANDER|memRAM:inst4|memCell:\genx:0:geny:0:gen ; work         ;
;       |memCell:\genx:0:geny:1:gen| ; 2 (2)             ; 8 (8)        ; 0           ; 0            ; 0       ; 0         ; 0    ; 0            ; |NEANDER|memRAM:inst4|memCell:\genx:0:geny:1:gen ; work         ;
;       |memCell:\genx:0:geny:2:gen| ; 2 (2)             ; 8 (8)        ; 0           ; 0            ; 0       ; 0         ; 0    ; 0            ; |NEANDER|memRAM:inst4|memCell:\genx:0:geny:2:gen ; work         ;
;       |memCell:\genx:0:geny:3:gen| ; 2 (2)             ; 8 (8)        ; 0           ; 0            ; 0       ; 0         ; 0    ; 0            ; |NEANDER|memRAM:inst4|memCell:\genx:0:geny:3:gen ; work         ;
;       |memCell:\genx:1:geny:0:gen| ; 2 (2)             ; 8 (8)        ; 0           ; 0            ; 0       ; 0         ; 0    ; 0            ; |NEANDER|memRAM:inst4|memCell:\genx:1:geny:0:gen ; work         ;
;       |memCell:\genx:1:geny:1:gen| ; 2 (2)             ; 8 (8)        ; 0           ; 0            ; 0       ; 0         ; 0    ; 0            ; |NEANDER|memRAM:inst4|memCell:\genx:1:geny:1:gen ; work         ;
;       |memCell:\genx:1:geny:2:gen| ; 2 (2)             ; 8 (8)        ; 0           ; 0            ; 0       ; 0         ; 0    ; 0            ; |NEANDER|memRAM:inst4|memCell:\genx:1:geny:2:gen ; work         ;
;       |memCell:\genx:1:geny:3:gen| ; 2 (2)             ; 8 (8)        ; 0           ; 0            ; 0       ; 0         ; 0    ; 0            ; |NEANDER|memRAM:inst4|memCell:\genx:1:geny:3:gen ; work         ;
;       |memCell:\genx:2:geny:0:gen| ; 2 (2)             ; 8 (8)        ; 0           ; 0            ; 0       ; 0         ; 0    ; 0            ; |NEANDER|memRAM:inst4|memCell:\genx:2:geny:0:gen ; work         ;
;       |memCell:\genx:2:geny:1:gen| ; 2 (2)             ; 8 (8)        ; 0           ; 0            ; 0       ; 0         ; 0    ; 0            ; |NEANDER|memRAM:inst4|memCell:\genx:2:geny:1:gen ; work         ;
;       |memCell:\genx:2:geny:2:gen| ; 2 (2)             ; 8 (8)        ; 0           ; 0            ; 0       ; 0         ; 0    ; 0            ; |NEANDER|memRAM:inst4|memCell:\genx:2:geny:2:gen ; work         ;
;       |memCell:\genx:2:geny:3:gen| ; 2 (2)             ; 8 (8)        ; 0           ; 0            ; 0       ; 0         ; 0    ; 0            ; |NEANDER|memRAM:inst4|memCell:\genx:2:geny:3:gen ; work         ;
;       |memCell:\genx:3:geny:0:gen| ; 2 (2)             ; 8 (8)        ; 0           ; 0            ; 0       ; 0         ; 0    ; 0            ; |NEANDER|memRAM:inst4|memCell:\genx:3:geny:0:gen ; work         ;
;       |memCell:\genx:3:geny:1:gen| ; 2 (2)             ; 8 (8)        ; 0           ; 0            ; 0       ; 0         ; 0    ; 0            ; |NEANDER|memRAM:inst4|memCell:\genx:3:geny:1:gen ; work         ;
;       |memCell:\genx:3:geny:2:gen| ; 2 (2)             ; 8 (8)        ; 0           ; 0            ; 0       ; 0         ; 0    ; 0            ; |NEANDER|memRAM:inst4|memCell:\genx:3:geny:2:gen ; work         ;
;       |memCell:\genx:3:geny:3:gen| ; 2 (2)             ; 8 (8)        ; 0           ; 0            ; 0       ; 0         ; 0    ; 0            ; |NEANDER|memRAM:inst4|memCell:\genx:3:geny:3:gen ; work         ;
+------------------------------------+-------------------+--------------+-------------+--------------+---------+-----------+------+--------------+--------------------------------------------------+--------------+
Note: For table entries with two numbers listed, the numbers in parentheses indicate the number of resources of the given type used by the specific entity alone. The numbers listed outside of parentheses indicate the total resources of the given type used by the specific entity and all of its sub-entities in the hierarchy.


Encoding Type:  One-Hot
+------------------------------------------------------------------------------------------------------------------------------------------------------------------------------------------------------------------------------------------------------------------------------------------------------------------------------------------------------------------------------------------------------------------------------------------------------------------------------+
; State Machine - |NEANDER|Controller:inst2|fstate                                                                                                                                                                                                                                                                                                                                                                                                                             ;
+-------------------+--------------+----------------+---------------+--------------+-----------------+----------------+-------------------+-----------+-------------+-------------+-------------+-----------+-------------+------------+------------+------------+-------------+------------+--------------+-------------+-------------+--------------+--------------+--------------+-------------+------------+--------------+----------------+----------------+--------------+
; Name              ; fstate.DISP1 ; fstate.Search2 ; fstate.LoadAC ; fstate.Wait1 ; fstate.Decision ; fstate.SetData ; fstate.SetAdress1 ; fstate.JN ; fstate.JMP1 ; fstate.JMP2 ; fstate.JMP3 ; fstate.JZ ; fstate.JnNZ ; fstate.HLT ; fstate.ADD ; fstate.OR1 ; fstate.AND1 ; fstate.LDA ; fstate.PREP4 ; fstate.STA2 ; fstate.STA1 ; fstate.PREP1 ; fstate.PREP3 ; fstate.PREP2 ; fstate.NOT1 ; fstate.NOP ; fstate.Check ; fstate.Search3 ; fstate.Search1 ; fstate.Start ;
+-------------------+--------------+----------------+---------------+--------------+-----------------+----------------+-------------------+-----------+-------------+-------------+-------------+-----------+-------------+------------+------------+------------+-------------+------------+--------------+-------------+-------------+--------------+--------------+--------------+-------------+------------+--------------+----------------+----------------+--------------+
; fstate.Start      ; 0            ; 0              ; 0             ; 0            ; 0               ; 0              ; 0                 ; 0         ; 0           ; 0           ; 0           ; 0         ; 0           ; 0          ; 0          ; 0          ; 0           ; 0          ; 0            ; 0           ; 0           ; 0            ; 0            ; 0            ; 0           ; 0          ; 0            ; 0              ; 0              ; 0            ;
; fstate.Search1    ; 0            ; 0              ; 0             ; 0            ; 0               ; 0              ; 0                 ; 0         ; 0           ; 0           ; 0           ; 0         ; 0           ; 0          ; 0          ; 0          ; 0           ; 0          ; 0            ; 0           ; 0           ; 0            ; 0            ; 0            ; 0           ; 0          ; 0            ; 0              ; 1              ; 1            ;
; fstate.Search3    ; 0            ; 0              ; 0             ; 0            ; 0               ; 0              ; 0                 ; 0         ; 0           ; 0           ; 0           ; 0         ; 0           ; 0          ; 0          ; 0          ; 0           ; 0          ; 0            ; 0           ; 0           ; 0            ; 0            ; 0            ; 0           ; 0          ; 0            ; 1              ; 0              ; 1            ;
; fstate.Check      ; 0            ; 0              ; 0             ; 0            ; 0               ; 0              ; 0                 ; 0         ; 0           ; 0           ; 0           ; 0         ; 0           ; 0          ; 0          ; 0          ; 0           ; 0          ; 0            ; 0           ; 0           ; 0            ; 0            ; 0            ; 0           ; 0          ; 1            ; 0              ; 0              ; 1            ;
; fstate.NOP        ; 0            ; 0              ; 0             ; 0            ; 0               ; 0              ; 0                 ; 0         ; 0           ; 0           ; 0           ; 0         ; 0           ; 0          ; 0          ; 0          ; 0           ; 0          ; 0            ; 0           ; 0           ; 0            ; 0            ; 0            ; 0           ; 1          ; 0            ; 0              ; 0              ; 1            ;
; fstate.NOT1       ; 0            ; 0              ; 0             ; 0            ; 0               ; 0              ; 0                 ; 0         ; 0           ; 0           ; 0           ; 0         ; 0           ; 0          ; 0          ; 0          ; 0           ; 0          ; 0            ; 0           ; 0           ; 0            ; 0            ; 0            ; 1           ; 0          ; 0            ; 0              ; 0              ; 1            ;
; fstate.PREP2      ; 0            ; 0              ; 0             ; 0            ; 0               ; 0              ; 0                 ; 0         ; 0           ; 0           ; 0           ; 0         ; 0           ; 0          ; 0          ; 0          ; 0           ; 0          ; 0            ; 0           ; 0           ; 0            ; 0            ; 1            ; 0           ; 0          ; 0            ; 0              ; 0              ; 1            ;
; fstate.PREP3      ; 0            ; 0              ; 0             ; 0            ; 0               ; 0              ; 0                 ; 0         ; 0           ; 0           ; 0           ; 0         ; 0           ; 0          ; 0          ; 0          ; 0           ; 0          ; 0            ; 0           ; 0           ; 0            ; 1            ; 0            ; 0           ; 0          ; 0            ; 0              ; 0              ; 1            ;
; fstate.PREP1      ; 0            ; 0              ; 0             ; 0            ; 0               ; 0              ; 0                 ; 0         ; 0           ; 0           ; 0           ; 0         ; 0           ; 0          ; 0          ; 0          ; 0           ; 0          ; 0            ; 0           ; 0           ; 1            ; 0            ; 0            ; 0           ; 0          ; 0            ; 0              ; 0              ; 1            ;
; fstate.STA1       ; 0            ; 0              ; 0             ; 0            ; 0               ; 0              ; 0                 ; 0         ; 0           ; 0           ; 0           ; 0         ; 0           ; 0          ; 0          ; 0          ; 0           ; 0          ; 0            ; 0           ; 1           ; 0            ; 0            ; 0            ; 0           ; 0          ; 0            ; 0              ; 0              ; 1            ;
; fstate.STA2       ; 0            ; 0              ; 0             ; 0            ; 0               ; 0              ; 0                 ; 0         ; 0           ; 0           ; 0           ; 0         ; 0           ; 0          ; 0          ; 0          ; 0           ; 0          ; 0            ; 1           ; 0           ; 0            ; 0            ; 0            ; 0           ; 0          ; 0            ; 0              ; 0              ; 1            ;
; fstate.PREP4      ; 0            ; 0              ; 0             ; 0            ; 0               ; 0              ; 0                 ; 0         ; 0           ; 0           ; 0           ; 0         ; 0           ; 0          ; 0          ; 0          ; 0           ; 0          ; 1            ; 0           ; 0           ; 0            ; 0            ; 0            ; 0           ; 0          ; 0            ; 0              ; 0              ; 1            ;
; fstate.LDA        ; 0            ; 0              ; 0             ; 0            ; 0               ; 0              ; 0                 ; 0         ; 0           ; 0           ; 0           ; 0         ; 0           ; 0          ; 0          ; 0          ; 0           ; 1          ; 0            ; 0           ; 0           ; 0            ; 0            ; 0            ; 0           ; 0          ; 0            ; 0              ; 0              ; 1            ;
; fstate.AND1       ; 0            ; 0              ; 0             ; 0            ; 0               ; 0              ; 0                 ; 0         ; 0           ; 0           ; 0           ; 0         ; 0           ; 0          ; 0          ; 0          ; 1           ; 0          ; 0            ; 0           ; 0           ; 0            ; 0            ; 0            ; 0           ; 0          ; 0            ; 0              ; 0              ; 1            ;
; fstate.OR1        ; 0            ; 0              ; 0             ; 0            ; 0               ; 0              ; 0                 ; 0         ; 0           ; 0           ; 0           ; 0         ; 0           ; 0          ; 0          ; 1          ; 0           ; 0          ; 0            ; 0           ; 0           ; 0            ; 0            ; 0            ; 0           ; 0          ; 0            ; 0              ; 0              ; 1            ;
; fstate.ADD        ; 0            ; 0              ; 0             ; 0            ; 0               ; 0              ; 0                 ; 0         ; 0           ; 0           ; 0           ; 0         ; 0           ; 0          ; 1          ; 0          ; 0           ; 0          ; 0            ; 0           ; 0           ; 0            ; 0            ; 0            ; 0           ; 0          ; 0            ; 0              ; 0              ; 1            ;
; fstate.HLT        ; 0            ; 0              ; 0             ; 0            ; 0               ; 0              ; 0                 ; 0         ; 0           ; 0           ; 0           ; 0         ; 0           ; 1          ; 0          ; 0          ; 0           ; 0          ; 0            ; 0           ; 0           ; 0            ; 0            ; 0            ; 0           ; 0          ; 0            ; 0              ; 0              ; 1            ;
; fstate.JnNZ       ; 0            ; 0              ; 0             ; 0            ; 0               ; 0              ; 0                 ; 0         ; 0           ; 0           ; 0           ; 0         ; 1           ; 0          ; 0          ; 0          ; 0           ; 0          ; 0            ; 0           ; 0           ; 0            ; 0            ; 0            ; 0           ; 0          ; 0            ; 0              ; 0              ; 1            ;
; fstate.JZ         ; 0            ; 0              ; 0             ; 0            ; 0               ; 0              ; 0                 ; 0         ; 0           ; 0           ; 0           ; 1         ; 0           ; 0          ; 0          ; 0          ; 0           ; 0          ; 0            ; 0           ; 0           ; 0            ; 0            ; 0            ; 0           ; 0          ; 0            ; 0              ; 0              ; 1            ;
; fstate.JMP3       ; 0            ; 0              ; 0             ; 0            ; 0               ; 0              ; 0                 ; 0         ; 0           ; 0           ; 1           ; 0         ; 0           ; 0          ; 0          ; 0          ; 0           ; 0          ; 0            ; 0           ; 0           ; 0            ; 0            ; 0            ; 0           ; 0          ; 0            ; 0              ; 0              ; 1            ;
; fstate.JMP2       ; 0            ; 0              ; 0             ; 0            ; 0               ; 0              ; 0                 ; 0         ; 0           ; 1           ; 0           ; 0         ; 0           ; 0          ; 0          ; 0          ; 0           ; 0          ; 0            ; 0           ; 0           ; 0            ; 0            ; 0            ; 0           ; 0          ; 0            ; 0              ; 0              ; 1            ;
; fstate.JMP1       ; 0            ; 0              ; 0             ; 0            ; 0               ; 0              ; 0                 ; 0         ; 1           ; 0           ; 0           ; 0         ; 0           ; 0          ; 0          ; 0          ; 0           ; 0          ; 0            ; 0           ; 0           ; 0            ; 0            ; 0            ; 0           ; 0          ; 0            ; 0              ; 0              ; 1            ;
; fstate.JN         ; 0            ; 0              ; 0             ; 0            ; 0               ; 0              ; 0                 ; 1         ; 0           ; 0           ; 0           ; 0         ; 0           ; 0          ; 0          ; 0          ; 0           ; 0          ; 0            ; 0           ; 0           ; 0            ; 0            ; 0            ; 0           ; 0          ; 0            ; 0              ; 0              ; 1            ;
; fstate.SetAdress1 ; 0            ; 0              ; 0             ; 0            ; 0               ; 0              ; 1                 ; 0         ; 0           ; 0           ; 0           ; 0         ; 0           ; 0          ; 0          ; 0          ; 0           ; 0          ; 0            ; 0           ; 0           ; 0            ; 0            ; 0            ; 0           ; 0          ; 0            ; 0              ; 0              ; 1            ;
; fstate.SetData    ; 0            ; 0              ; 0             ; 0            ; 0               ; 1              ; 0                 ; 0         ; 0           ; 0           ; 0           ; 0         ; 0           ; 0          ; 0          ; 0          ; 0           ; 0          ; 0            ; 0           ; 0           ; 0            ; 0            ; 0            ; 0           ; 0          ; 0            ; 0              ; 0              ; 1            ;
; fstate.Decision   ; 0            ; 0              ; 0             ; 0            ; 1               ; 0              ; 0                 ; 0         ; 0           ; 0           ; 0           ; 0         ; 0           ; 0          ; 0          ; 0          ; 0           ; 0          ; 0            ; 0           ; 0           ; 0            ; 0            ; 0            ; 0           ; 0          ; 0            ; 0              ; 0              ; 1            ;
; fstate.Wait1      ; 0            ; 0              ; 0             ; 1            ; 0               ; 0              ; 0                 ; 0         ; 0           ; 0           ; 0           ; 0         ; 0           ; 0          ; 0          ; 0          ; 0           ; 0          ; 0            ; 0           ; 0           ; 0            ; 0            ; 0            ; 0           ; 0          ; 0            ; 0              ; 0              ; 1            ;
; fstate.LoadAC     ; 0            ; 0              ; 1             ; 0            ; 0               ; 0              ; 0                 ; 0         ; 0           ; 0           ; 0           ; 0         ; 0           ; 0          ; 0          ; 0          ; 0           ; 0          ; 0            ; 0           ; 0           ; 0            ; 0            ; 0            ; 0           ; 0          ; 0            ; 0              ; 0              ; 1            ;
; fstate.Search2    ; 0            ; 1              ; 0             ; 0            ; 0               ; 0              ; 0                 ; 0         ; 0           ; 0           ; 0           ; 0         ; 0           ; 0          ; 0          ; 0          ; 0           ; 0          ; 0            ; 0           ; 0           ; 0            ; 0            ; 0            ; 0           ; 0          ; 0            ; 0              ; 0              ; 1            ;
; fstate.DISP1      ; 1            ; 0              ; 0             ; 0            ; 0               ; 0              ; 0                 ; 0         ; 0           ; 0           ; 0           ; 0         ; 0           ; 0          ; 0          ; 0          ; 0           ; 0          ; 0            ; 0           ; 0           ; 0            ; 0            ; 0            ; 0           ; 0          ; 0            ; 0              ; 0              ; 1            ;
+-------------------+--------------+----------------+---------------+--------------+-----------------+----------------+-------------------+-----------+-------------+-------------+-------------+-----------+-------------+------------+------------+------------+-------------+------------+--------------+-------------+-------------+--------------+--------------+--------------+-------------+------------+--------------+----------------+----------------+--------------+


+------------------------------------------------------+
; General Register Statistics                          ;
+----------------------------------------------+-------+
; Statistic                                    ; Value ;
+----------------------------------------------+-------+
; Total registers                              ; 200   ;
; Number of registers using Synchronous Clear  ; 8     ;
; Number of registers using Synchronous Load   ; 16    ;
; Number of registers using Asynchronous Clear ; 170   ;
; Number of registers using Asynchronous Load  ; 0     ;
; Number of registers using Clock Enable       ; 170   ;
; Number of registers using Preset             ; 0     ;
+----------------------------------------------+-------+


+--------------------------------------------------------------------------------------------------------------------------------------------------------+
; Multiplexer Restructuring Statistics (Restructuring Performed)                                                                                         ;
+--------------------+-----------+---------------+----------------------+------------------------+------------+------------------------------------------+
; Multiplexer Inputs ; Bus Width ; Baseline Area ; Area if Restructured ; Saving if Restructured ; Registered ; Example Multiplexer Output               ;
+--------------------+-----------+---------------+----------------------+------------------------+------------+------------------------------------------+
; 3:1                ; 8 bits    ; 16 LEs        ; 8 LEs                ; 8 LEs                  ; Yes        ; |NEANDER|PC:inst21|reg[3]                ;
; 3:1                ; 8 bits    ; 16 LEs        ; 16 LEs               ; 0 LEs                  ; Yes        ; |NEANDER|RDMreg:inst24|reg[2]            ;
; 3:1                ; 2 bits    ; 4 LEs         ; 2 LEs                ; 2 LEs                  ; No         ; |NEANDER|Controller:inst2|reg_fstate     ;
; 3:1                ; 3 bits    ; 6 LEs         ; 3 LEs                ; 3 LEs                  ; No         ; |NEANDER|Controller:inst2|reg_fstate.ADD ;
; 8:1                ; 8 bits    ; 40 LEs        ; 32 LEs               ; 8 LEs                  ; No         ; |NEANDER|UAL:inst17|Mux0                 ;
+--------------------+-----------+---------------+----------------------+------------------------+------------+------------------------------------------+


+-------------------------------+
; Elapsed Time Per Partition    ;
+----------------+--------------+
; Partition Name ; Elapsed Time ;
+----------------+--------------+
; Top            ; 00:00:01     ;
+----------------+--------------+


+-------------------------------+
; Analysis & Synthesis Messages ;
+-------------------------------+
Info: *******************************************************************
Info: Running Quartus II 64-Bit Analysis & Synthesis
    Info: Version 13.0.1 Build 232 06/12/2013 Service Pack 1 SJ Web Edition
    Info: Processing started: Tue Jun 18 09:57:21 2019
Info: Command: quartus_map --read_settings_files=on --write_settings_files=off NEANDER -c NEANDER
Warning (20028): Parallel compilation is not licensed and has been disabled
Info (12021): Found 1 design units, including 1 entities, in source file neander.bdf
    Info (12023): Found entity 1: NEANDER
Info (12021): Found 2 design units, including 1 entities, in source file components/controler/controller.vhd
    Info (12022): Found design unit 1: Controller-BEHAVIOR
    Info (12023): Found entity 1: Controller
Info (12021): Found 2 design units, including 1 entities, in source file components/display/display.vhd
    Info (12022): Found design unit 1: Display-disp
    Info (12023): Found entity 1: Display
Info (12021): Found 2 design units, including 1 entities, in source file components/display/disp1.vhd
    Info (12022): Found design unit 1: display1-mostrar
    Info (12023): Found entity 1: display1
Info (12021): Found 2 design units, including 1 entities, in source file components/ual/ual.vhd
    Info (12022): Found design unit 1: UAL-Behavioral
    Info (12023): Found entity 1: UAL
Info (12021): Found 2 design units, including 1 entities, in source file components/ri/ri.vhd
    Info (12022): Found design unit 1: RI-ffd
    Info (12023): Found entity 1: RI
Info (12021): Found 2 design units, including 1 entities, in source file components/rem/remreg.vhd
    Info (12022): Found design unit 1: REMreg-ffd
    Info (12023): Found entity 1: REMreg
Info (12021): Found 2 design units, including 1 entities, in source file components/rdm/rdmreg.vhd
    Info (12022): Found design unit 1: RDMreg-ffd
    Info (12023): Found entity 1: RDMreg
Info (12021): Found 2 design units, including 1 entities, in source file components/ram/memram.vhd
    Info (12022): Found design unit 1: memRAM-banco
    Info (12023): Found entity 1: memRAM
Info (12021): Found 2 design units, including 1 entities, in source file components/ram/latchd.vhd
    Info (12022): Found design unit 1: memCell-ffd
    Info (12023): Found entity 1: memCell
Info (12021): Found 2 design units, including 1 entities, in source file components/ram/decoder.vhd
    Info (12022): Found design unit 1: decoder_2_4-choice
    Info (12023): Found entity 1: decoder_2_4
Info (12021): Found 2 design units, including 1 entities, in source file components/pc/pc.vhd
    Info (12022): Found design unit 1: PC-behaviour
    Info (12023): Found entity 1: PC
Info (12021): Found 2 design units, including 1 entities, in source file components/nz/nz.vhd
    Info (12022): Found design unit 1: NZ-ffd
    Info (12023): Found entity 1: NZ
Info (12021): Found 2 design units, including 1 entities, in source file components/muxrem/muxrem.vhd
    Info (12022): Found design unit 1: MuxRem-behaviour
    Info (12023): Found entity 1: MuxRem
Info (12021): Found 2 design units, including 1 entities, in source file components/muxrdm/muxrdm.vhd
    Info (12022): Found design unit 1: MuxRDM-behaviour
    Info (12023): Found entity 1: MuxRDM
Info (12021): Found 2 design units, including 1 entities, in source file components/decoder/decoder.vhd
    Info (12022): Found design unit 1: decoder-behaviour
    Info (12023): Found entity 1: decoder
Info (12021): Found 2 design units, including 1 entities, in source file components/ac/ac.vhd
    Info (12022): Found design unit 1: AC-ffd
    Info (12023): Found entity 1: AC
Info (12127): Elaborating entity "NEANDER" for the top level hierarchy
Info (12128): Elaborating entity "Controller" for hierarchy "Controller:inst2"
Info (12128): Elaborating entity "decoder" for hierarchy "decoder:inst5"
Info (12128): Elaborating entity "RI" for hierarchy "RI:inst18"
Info (12128): Elaborating entity "RDMreg" for hierarchy "RDMreg:inst24"
Info (12128): Elaborating entity "MuxRDM" for hierarchy "MuxRDM:inst22"
Info (12128): Elaborating entity "memRAM" for hierarchy "memRAM:inst4"
Info (12128): Elaborating entity "decoder_2_4" for hierarchy "memRAM:inst4|decoder_2_4:decodX"
Info (12128): Elaborating entity "memCell" for hierarchy "memRAM:inst4|memCell:\genx:0:geny:0:gen"
Info (12128): Elaborating entity "REMreg" for hierarchy "REMreg:inst25"
Info (12128): Elaborating entity "MuxRem" for hierarchy "MuxRem:inst20"
Info (12128): Elaborating entity "PC" for hierarchy "PC:inst21"
Info (12128): Elaborating entity "AC" for hierarchy "AC:inst"
Info (12128): Elaborating entity "UAL" for hierarchy "UAL:inst17"
Info (12128): Elaborating entity "NZ" for hierarchy "NZ:inst15"
Info (12128): Elaborating entity "Display" for hierarchy "Display:inst7"
Info (12128): Elaborating entity "display1" for hierarchy "Display:inst7|display1:dsp1"
Info (16010): Generating hard_block partition "hard_block:auto_generated_inst"
    Info (16011): Adding 0 node(s), including 0 DDIO, 0 PLL, 0 transceiver and 0 LCELL
Info (21057): Implemented 575 device resources after synthesis - the final resource count might be different
    Info (21058): Implemented 13 input pins
    Info (21059): Implemented 79 output pins
    Info (21061): Implemented 483 logic cells
Info: Quartus II 64-Bit Analysis & Synthesis was successful. 0 errors, 1 warning
    Info: Peak virtual memory: 4657 megabytes
    Info: Processing ended: Tue Jun 18 09:57:25 2019
    Info: Elapsed time: 00:00:04
    Info: Total CPU time (on all processors): 00:00:04


